<?xml version="1.0" encoding="UTF-8"?>
<testng-results ignored="0" total="1" passed="0" failed="1" skipped="0">
  <reporter-output>
  </reporter-output>
  <suite started-at="2021-05-07T13:37:27Z" name="Suite" finished-at="2021-05-07T13:37:28Z" duration-ms="605">
    <groups>
      <group name="cucumber">
        <method signature="AbstractTestNGCucumberTests.runScenario(io.cucumber.testng.PickleWrapper, io.cucumber.testng.FeatureWrapper)[pri:0, instance:Runner.TestRunner@8519cb4]" name="runScenario" class="io.cucumber.testng.AbstractTestNGCucumberTests"/>
      </group> <!-- cucumber -->
    </groups>
    <test started-at="2021-05-07T13:37:27Z" name="Test" finished-at="2021-05-07T13:37:28Z" duration-ms="605">
      <class name="Runner.TestRunner">
        <test-method is-config="true" signature="setUpClass()[pri:0, instance:Runner.TestRunner@8519cb4]" started-at="2021-05-07T13:37:27Z" name="setUpClass" finished-at="2021-05-07T13:37:28Z" duration-ms="306" status="PASS">
          <reporter-output>
          </reporter-output>
        </test-method> <!-- setUpClass -->
        <test-method signature="runScenario(io.cucumber.testng.PickleWrapper, io.cucumber.testng.FeatureWrapper)[pri:0, instance:Runner.TestRunner@8519cb4]" started-at="2021-05-07T13:37:28Z" name="runScenario" description="Runs Cucumber Scenarios" data-provider="scenarios" finished-at="2021-05-07T13:37:28Z" duration-ms="212" status="FAIL">
          <params>
            <param index="0">
              <value>
                <![CDATA["To check the Product module"]]>
              </value>
            </param>
            <param index="1">
              <value>
                <![CDATA["Optional[Testing My Cucumber Framework]"]]>
              </value>
            </param>
          </params>
          <exception class="java.lang.NullPointerException">
            <message>
              <![CDATA[Cannot invoke "java.util.Properties.getProperty(String)" because "this.propert" is null]]>
            </message>
            <full-stacktrace>
              <![CDATA[java.lang.NullPointerException: Cannot invoke "java.util.Properties.getProperty(String)" because "this.propert" is null
at ConfigReader.ConfigDataProvider.getBrowser(ConfigDataProvider.java:30)
at Hooks.Hooks_Test.setDriver(Hooks_Test.java:18)
]]>
            </full-stacktrace>
          </exception> <!-- java.lang.NullPointerException -->
          <reporter-output>
          </reporter-output>
        </test-method> <!-- runScenario -->
        <test-method is-config="true" signature="tearDownClass()[pri:0, instance:Runner.TestRunner@8519cb4]" started-at="2021-05-07T13:37:28Z" name="tearDownClass" finished-at="2021-05-07T13:37:28Z" duration-ms="66" status="PASS">
          <reporter-output>
          </reporter-output>
        </test-method> <!-- tearDownClass -->
      </class> <!-- Runner.TestRunner -->
    </test> <!-- Test -->
  </suite> <!-- Suite -->
</testng-results>
