<?xml version="1.0" encoding="UTF-8"?>
<!-- Generated by org.testng.reporters.JUnitXMLReporter -->
<testsuite ignored="0" hostname="DESKTOP-5E6UN8L" failures="1" tests="1" name="Test" time="0.605" errors="0" timestamp="07 May 2021 13:37:28 GMT">
  <testcase classname="io.cucumber.testng.AbstractTestNGCucumberTests" name="runScenario" time="0.212">
    <failure type="java.lang.NullPointerException" message="Cannot invoke &amp;quot;java.util.Properties.getProperty(String)&amp;quot; because &amp;quot;this.propert&amp;quot; is null">
      <![CDATA[java.lang.NullPointerException: Cannot invoke "java.util.Properties.getProperty(String)" because "this.propert" is null
at ConfigReader.ConfigDataProvider.getBrowser(ConfigDataProvider.java:30)
at Hooks.Hooks_Test.setDriver(Hooks_Test.java:18)
]]>
    </failure>
  </testcase> <!-- runScenario -->
</testsuite> <!-- Test -->
